[2021-03-20 23:24:08] local.ERROR: exception 'Symfony\Component\Console\Exception\RuntimeException' with message 'Too many arguments, expected arguments "command" "name".' in /Users/rsulaiman/.bitnami/stackman/machines/xampp/volumes/root/htdocs/hey/vendor/symfony/console/Input/ArgvInput.php:186
Stack trace:
#0 /Users/rsulaiman/.bitnami/stackman/machines/xampp/volumes/root/htdocs/hey/vendor/symfony/console/Input/ArgvInput.php(84): Symfony\Component\Console\Input\ArgvInput->parseArgument('\xE2\x80\x94create=admin...')
#1 /Users/rsulaiman/.bitnami/stackman/machines/xampp/volumes/root/htdocs/hey/vendor/symfony/console/Input/Input.php(55): Symfony\Component\Console\Input\ArgvInput->parse()
#2 /Users/rsulaiman/.bitnami/stackman/machines/xampp/volumes/root/htdocs/hey/vendor/symfony/console/Command/Command.php(214): Symfony\Component\Console\Input\Input->bind(Object(Symfony\Component\Console\Input\InputDefinition))
#3 /Users/rsulaiman/.bitnami/stackman/machines/xampp/volumes/root/htdocs/hey/vendor/laravel/framework/src/Illuminate/Console/Command.php(168): Symfony\Component\Console\Command\Command->run(Object(Symfony\Component\Console\Input\ArgvInput), Object(Illuminate\Console\OutputStyle))
#4 /Users/rsulaiman/.bitnami/stackman/machines/xampp/volumes/root/htdocs/hey/vendor/symfony/console/Application.php(992): Illuminate\Console\Command->run(Object(Symfony\Component\Console\Input\ArgvInput), Object(Symfony\Component\Console\Output\ConsoleOutput))
#5 /Users/rsulaiman/.bitnami/stackman/machines/xampp/volumes/root/htdocs/hey/vendor/symfony/console/Application.php(255): Symfony\Component\Console\Application->doRunCommand(Object(Illuminate\Database\Console\Migrations\MigrateMakeCommand), Object(Symfony\Component\Console\Input\ArgvInput), Object(Symfony\Component\Console\Output\ConsoleOutput))
#6 /Users/rsulaiman/.bitnami/stackman/machines/xampp/volumes/root/htdocs/hey/vendor/symfony/console/Application.php(148): Symfony\Component\Console\Application->doRun(Object(Symfony\Component\Console\Input\ArgvInput), Object(Symfony\Component\Console\Output\ConsoleOutput))
#7 /Users/rsulaiman/.bitnami/stackman/machines/xampp/volumes/root/htdocs/hey/vendor/laravel/framework/src/Illuminate/Foundation/Console/Kernel.php(122): Symfony\Component\Console\Application->run(Object(Symfony\Component\Console\Input\ArgvInput), Object(Symfony\Component\Console\Output\ConsoleOutput))
#8 /Users/rsulaiman/.bitnami/stackman/machines/xampp/volumes/root/htdocs/hey/artisan(36): Illuminate\Foundation\Console\Kernel->handle(Object(Symfony\Component\Console\Input\ArgvInput), Object(Symfony\Component\Console\Output\ConsoleOutput))
#9 {main}  
[2021-03-20 23:25:01] local.ERROR: exception 'PDOException' with message 'SQLSTATE[HY000] [2002] Connection refused' in /Users/rsulaiman/.bitnami/stackman/machines/xampp/volumes/root/htdocs/hey/vendor/laravel/framework/src/Illuminate/Database/Connectors/Connector.php:68
Stack trace:
#0 /Users/rsulaiman/.bitnami/stackman/machines/xampp/volumes/root/htdocs/hey/vendor/laravel/framework/src/Illuminate/Database/Connectors/Connector.php(68): PDO->__construct('mysql:host=127....', 'homestead', 'secret', Array)
#1 /Users/rsulaiman/.bitnami/stackman/machines/xampp/volumes/root/htdocs/hey/vendor/laravel/framework/src/Illuminate/Database/Connectors/Connector.php(45): Illuminate\Database\Connectors\Connector->createPdoConnection('mysql:host=127....', 'homestead', 'secret', Array)
#2 /Users/rsulaiman/.bitnami/stackman/machines/xampp/volumes/root/htdocs/hey/vendor/laravel/framework/src/Illuminate/Database/Connectors/MySqlConnector.php(24): Illuminate\Database\Connectors\Connector->createConnection('mysql:host=127....', Array, Array)
#3 /Users/rsulaiman/.bitnami/stackman/machines/xampp/volumes/root/htdocs/hey/vendor/laravel/framework/src/Illuminate/Database/Connectors/ConnectionFactory.php(183): Illuminate\Database\Connectors\MySqlConnector->connect(Array)
#4 [internal function]: Illuminate\Database\Connectors\ConnectionFactory->Illuminate\Database\Connectors\{closure}()
#5 /Users/rsulaiman/.bitnami/stackman/machines/xampp/volumes/root/htdocs/hey/vendor/laravel/framework/src/Illuminate/Database/Connection.php(883): call_user_func(Object(Closure))
#6 /Users/rsulaiman/.bitnami/stackman/machines/xampp/volumes/root/htdocs/hey/vendor/laravel/framework/src/Illuminate/Database/Connection.php(904): Illuminate\Database\Connection->getPdo()
#7 /Users/rsulaiman/.bitnami/stackman/machines/xampp/volumes/root/htdocs/hey/vendor/laravel/framework/src/Illuminate/Database/Connection.php(392): Illuminate\Database\Connection->getReadPdo()
#8 /Users/rsulaiman/.bitnami/stackman/machines/xampp/volumes/root/htdocs/hey/vendor/laravel/framework/src/Illuminate/Database/Connection.php(318): Illuminate\Database\Connection->getPdoForSelect(true)
#9 /Users/rsulaiman/.bitnami/stackman/machines/xampp/volumes/root/htdocs/hey/vendor/laravel/framework/src/Illuminate/Database/Connection.php(640): Illuminate\Database\Connection->Illuminate\Database\{closure}('select * from i...', Array)
#10 /Users/rsulaiman/.bitnami/stackman/machines/xampp/volumes/root/htdocs/hey/vendor/laravel/framework/src/Illuminate/Database/Connection.php(607): Illuminate\Database\Connection->runQueryCallback('select * from i...', Array, Object(Closure))
#11 /Users/rsulaiman/.bitnami/stackman/machines/xampp/volumes/root/htdocs/hey/vendor/laravel/framework/src/Illuminate/Database/Connection.php(326): Illuminate\Database\Connection->run('select * from i...', Array, Object(Closure))
#12 /Users/rsulaiman/.bitnami/stackman/machines/xampp/volumes/root/htdocs/hey/vendor/laravel/framework/src/Illuminate/Database/Schema/MySqlBuilder.php(19): Illuminate\Database\Connection->select('select * from i...', Array)
#13 /Users/rsulaiman/.bitnami/stackman/machines/xampp/volumes/root/htdocs/hey/vendor/laravel/framework/src/Illuminate/Database/Migrations/DatabaseMigrationRepository.php(154): Illuminate\Database\Schema\MySqlBuilder->hasTable('migrations')
#14 /Users/rsulaiman/.bitnami/stackman/machines/xampp/volumes/root/htdocs/hey/vendor/laravel/framework/src/Illuminate/Database/Migrations/Migrator.php(544): Illuminate\Database\Migrations\DatabaseMigrationRepository->repositoryExists()
#15 /Users/rsulaiman/.bitnami/stackman/machines/xampp/volumes/root/htdocs/hey/vendor/laravel/framework/src/Illuminate/Database/Console/Migrations/MigrateCommand.php(96): Illuminate\Database\Migrations\Migrator->repositoryExists()
#16 /Users/rsulaiman/.bitnami/stackman/machines/xampp/volumes/root/htdocs/hey/vendor/laravel/framework/src/Illuminate/Database/Console/Migrations/MigrateCommand.php(62): Illuminate\Database\Console\Migrations\MigrateCommand->prepareDatabase()
#17 [internal function]: Illuminate\Database\Console\Migrations\MigrateCommand->fire()
#18 /Users/rsulaiman/.bitnami/stackman/machines/xampp/volumes/root/htdocs/hey/vendor/laravel/framework/src/Illuminate/Container/BoundMethod.php(30): call_user_func_array(Array, Array)
#19 /Users/rsulaiman/.bitnami/stackman/machines/xampp/volumes/root/htdocs/hey/vendor/laravel/framework/src/Illuminate/Container/BoundMethod.php(87): Illuminate\Container\BoundMethod::Illuminate\Container\{closure}()
#20 /Users/rsulaiman/.bitnami/stackman/machines/xampp/volumes/root/htdocs/hey/vendor/laravel/framework/src/Illuminate/Container/BoundMethod.php(31): Illuminate\Container\BoundMethod::callBoundMethod(Object(Illuminate\Foundation\Application), Array, Object(Closure))
#21 /Users/rsulaiman/.bitnami/stackman/machines/xampp/volumes/root/htdocs/hey/vendor/laravel/framework/src/Illuminate/Container/Container.php(539): Illuminate\Container\BoundMethod::call(Object(Illuminate\Foundation\Application), Array, Array, NULL)
#22 /Users/rsulaiman/.bitnami/stackman/machines/xampp/volumes/root/htdocs/hey/vendor/laravel/framework/src/Illuminate/Console/Command.php(182): Illuminate\Container\Container->call(Array)
#23 /Users/rsulaiman/.bitnami/stackman/machines/xampp/volumes/root/htdocs/hey/vendor/symfony/console/Command/Command.php(255): Illuminate\Console\Command->execute(Object(Symfony\Component\Console\Input\ArgvInput), Object(Illuminate\Console\OutputStyle))
#24 /Users/rsulaiman/.bitnami/stackman/machines/xampp/volumes/root/htdocs/hey/vendor/laravel/framework/src/Illuminate/Console/Command.php(168): Symfony\Component\Console\Command\Command->run(Object(Symfony\Component\Console\Input\ArgvInput), Object(Illuminate\Console\OutputStyle))
#25 /Users/rsulaiman/.bitnami/stackman/machines/xampp/volumes/root/htdocs/hey/vendor/symfony/console/Application.php(992): Illuminate\Console\Command->run(Object(Symfony\Component\Console\Input\ArgvInput), Object(Symfony\Component\Console\Output\ConsoleOutput))
#26 /Users/rsulaiman/.bitnami/stackman/machines/xampp/volumes/root/htdocs/hey/vendor/symfony/console/Application.php(255): Symfony\Component\Console\Application->doRunCommand(Object(Illuminate\Database\Console\Migrations\MigrateCommand), Object(Symfony\Component\Console\Input\ArgvInput), Object(Symfony\Component\Console\Output\ConsoleOutput))
#27 /Users/rsulaiman/.bitnami/stackman/machines/xampp/volumes/root/htdocs/hey/vendor/symfony/console/Application.php(148): Symfony\Component\Console\Application->doRun(Object(Symfony\Component\Console\Input\ArgvInput), Object(Symfony\Component\Console\Output\ConsoleOutput))
#28 /Users/rsulaiman/.bitnami/stackman/machines/xampp/volumes/root/htdocs/hey/vendor/laravel/framework/src/Illuminate/Foundation/Console/Kernel.php(122): Symfony\Component\Console\Application->run(Object(Symfony\Component\Console\Input\ArgvInput), Object(Symfony\Component\Console\Output\ConsoleOutput))
#29 /Users/rsulaiman/.bitnami/stackman/machines/xampp/volumes/root/htdocs/hey/artisan(36): Illuminate\Foundation\Console\Kernel->handle(Object(Symfony\Component\Console\Input\ArgvInput), Object(Symfony\Component\Console\Output\ConsoleOutput))
#30 {main}  
[2021-03-20 23:25:01] local.ERROR: exception 'PDOException' with message 'SQLSTATE[HY000] [2002] Connection refused' in /Users/rsulaiman/.bitnami/stackman/machines/xampp/volumes/root/htdocs/hey/vendor/laravel/framework/src/Illuminate/Database/Connectors/Connector.php:68
Stack trace:
#0 /Users/rsulaiman/.bitnami/stackman/machines/xampp/volumes/root/htdocs/hey/vendor/laravel/framework/src/Illuminate/Database/Connectors/Connector.php(68): PDO->__construct('mysql:host=127....', 'homestead', 'secret', Array)
#1 /Users/rsulaiman/.bitnami/stackman/machines/xampp/volumes/root/htdocs/hey/vendor/laravel/framework/src/Illuminate/Database/Connectors/Connector.php(45): Illuminate\Database\Connectors\Connector->createPdoConnection('mysql:host=127....', 'homestead', 'secret', Array)
#2 /Users/rsulaiman/.bitnami/stackman/machines/xampp/volumes/root/htdocs/hey/vendor/laravel/framework/src/Illuminate/Database/Connectors/MySqlConnector.php(24): Illuminate\Database\Connectors\Connector->createConnection('mysql:host=127....', Array, Array)
#3 /Users/rsulaiman/.bitnami/stackman/machines/xampp/volumes/root/htdocs/hey/vendor/laravel/framework/src/Illuminate/Database/Connectors/ConnectionFactory.php(183): Illuminate\Database\Connectors\MySqlConnector->connect(Array)
#4 [internal function]: Illuminate\Database\Connectors\ConnectionFactory->Illuminate\Database\Connectors\{closure}()
#5 /Users/rsulaiman/.bitnami/stackman/machines/xampp/volumes/root/htdocs/hey/vendor/laravel/framework/src/Illuminate/Database/Connection.php(883): call_user_func(Object(Closure))
#6 /Users/rsulaiman/.bitnami/stackman/machines/xampp/volumes/root/htdocs/hey/vendor/laravel/framework/src/Illuminate/Database/Connection.php(904): Illuminate\Database\Connection->getPdo()
#7 /Users/rsulaiman/.bitnami/stackman/machines/xampp/volumes/root/htdocs/hey/vendor/laravel/framework/src/Illuminate/Database/Connection.php(392): Illuminate\Database\Connection->getReadPdo()
#8 /Users/rsulaiman/.bitnami/stackman/machines/xampp/volumes/root/htdocs/hey/vendor/laravel/framework/src/Illuminate/Database/Connection.php(318): Illuminate\Database\Connection->getPdoForSelect(true)
#9 /Users/rsulaiman/.bitnami/stackman/machines/xampp/volumes/root/htdocs/hey/vendor/laravel/framework/src/Illuminate/Database/Connection.php(640): Illuminate\Database\Connection->Illuminate\Database\{closure}('select * from i...', Array)
#10 /Users/rsulaiman/.bitnami/stackman/machines/xampp/volumes/root/htdocs/hey/vendor/laravel/framework/src/Illuminate/Database/Connection.php(607): Illuminate\Database\Connection->runQueryCallback('select * from i...', Array, Object(Closure))
#11 /Users/rsulaiman/.bitnami/stackman/machines/xampp/volumes/root/htdocs/hey/vendor/laravel/framework/src/Illuminate/Database/Connection.php(326): Illuminate\Database\Connection->run('select * from i...', Array, Object(Closure))
#12 /Users/rsulaiman/.bitnami/stackman/machines/xampp/volumes/root/htdocs/hey/vendor/laravel/framework/src/Illuminate/Database/Schema/MySqlBuilder.php(19): Illuminate\Database\Connection->select('select * from i...', Array)
#13 /Users/rsulaiman/.bitnami/stackman/machines/xampp/volumes/root/htdocs/hey/vendor/laravel/framework/src/Illuminate/Database/Migrations/DatabaseMigrationRepository.php(154): Illuminate\Database\Schema\MySqlBuilder->hasTable('migrations')
#14 /Users/rsulaiman/.bitnami/stackman/machines/xampp/volumes/root/htdocs/hey/vendor/laravel/framework/src/Illuminate/Database/Migrations/Migrator.php(544): Illuminate\Database\Migrations\DatabaseMigrationRepository->repositoryExists()
#15 /Users/rsulaiman/.bitnami/stackman/machines/xampp/volumes/root/htdocs/hey/vendor/laravel/framework/src/Illuminate/Database/Console/Migrations/MigrateCommand.php(96): Illuminate\Database\Migrations\Migrator->repositoryExists()
#16 /Users/rsulaiman/.bitnami/stackman/machines/xampp/volumes/root/htdocs/hey/vendor/laravel/framework/src/Illuminate/Database/Console/Migrations/MigrateCommand.php(62): Illuminate\Database\Console\Migrations\MigrateCommand->prepareDatabase()
#17 [internal function]: Illuminate\Database\Console\Migrations\MigrateCommand->fire()
#18 /Users/rsulaiman/.bitnami/stackman/machines/xampp/volumes/root/htdocs/hey/vendor/laravel/framework/src/Illuminate/Container/BoundMethod.php(30): call_user_func_array(Array, Array)
#19 /Users/rsulaiman/.bitnami/stackman/machines/xampp/volumes/root/htdocs/hey/vendor/laravel/framework/src/Illuminate/Container/BoundMethod.php(87): Illuminate\Container\BoundMethod::Illuminate\Container\{closure}()
#20 /Users/rsulaiman/.bitnami/stackman/machines/xampp/volumes/root/htdocs/hey/vendor/laravel/framework/src/Illuminate/Container/BoundMethod.php(31): Illuminate\Container\BoundMethod::callBoundMethod(Object(Illuminate\Foundation\Application), Array, Object(Closure))
#21 /Users/rsulaiman/.bitnami/stackman/machines/xampp/volumes/root/htdocs/hey/vendor/laravel/framework/src/Illuminate/Container/Container.php(539): Illuminate\Container\BoundMethod::call(Object(Illuminate\Foundation\Application), Array, Array, NULL)
#22 /Users/rsulaiman/.bitnami/stackman/machines/xampp/volumes/root/htdocs/hey/vendor/laravel/framework/src/Illuminate/Console/Command.php(182): Illuminate\Container\Container->call(Array)
#23 /Users/rsulaiman/.bitnami/stackman/machines/xampp/volumes/root/htdocs/hey/vendor/symfony/console/Command/Command.php(255): Illuminate\Console\Command->execute(Object(Symfony\Component\Console\Input\ArgvInput), Object(Illuminate\Console\OutputStyle))
#24 /Users/rsulaiman/.bitnami/stackman/machines/xampp/volumes/root/htdocs/hey/vendor/laravel/framework/src/Illuminate/Console/Command.php(168): Symfony\Component\Console\Command\Command->run(Object(Symfony\Component\Console\Input\ArgvInput), Object(Illuminate\Console\OutputStyle))
#25 /Users/rsulaiman/.bitnami/stackman/machines/xampp/volumes/root/htdocs/hey/vendor/symfony/console/Application.php(992): Illuminate\Console\Command->run(Object(Symfony\Component\Console\Input\ArgvInput), Object(Symfony\Component\Console\Output\ConsoleOutput))
#26 /Users/rsulaiman/.bitnami/stackman/machines/xampp/volumes/root/htdocs/hey/vendor/symfony/console/Application.php(255): Symfony\Component\Console\Application->doRunCommand(Object(Illuminate\Database\Console\Migrations\MigrateCommand), Object(Symfony\Component\Console\Input\ArgvInput), Object(Symfony\Component\Console\Output\ConsoleOutput))
#27 /Users/rsulaiman/.bitnami/stackman/machines/xampp/volumes/root/htdocs/hey/vendor/symfony/console/Application.php(148): Symfony\Component\Console\Application->doRun(Object(Symfony\Component\Console\Input\ArgvInput), Object(Symfony\Component\Console\Output\ConsoleOutput))
#28 /Users/rsulaiman/.bitnami/stackman/machines/xampp/volumes/root/htdocs/hey/vendor/laravel/framework/src/Illuminate/Foundation/Console/Kernel.php(122): Symfony\Component\Console\Application->run(Object(Symfony\Component\Console\Input\ArgvInput), Object(Symfony\Component\Console\Output\ConsoleOutput))
#29 /Users/rsulaiman/.bitnami/stackman/machines/xampp/volumes/root/htdocs/hey/artisan(36): Illuminate\Foundation\Console\Kernel->handle(Object(Symfony\Component\Console\Input\ArgvInput), Object(Symfony\Component\Console\Output\ConsoleOutput))
#30 {main}

Next exception 'Illuminate\Database\QueryException' with message 'SQLSTATE[HY000] [2002] Connection refused (SQL: select * from information_schema.tables where table_schema = homestead and table_name = migrations)' in /Users/rsulaiman/.bitnami/stackman/machines/xampp/volumes/root/htdocs/hey/vendor/laravel/framework/src/Illuminate/Database/Connection.php:647
Stack trace:
#0 /Users/rsulaiman/.bitnami/stackman/machines/xampp/volumes/root/htdocs/hey/vendor/laravel/framework/src/Illuminate/Database/Connection.php(607): Illuminate\Database\Connection->runQueryCallback('select * from i...', Array, Object(Closure))
#1 /Users/rsulaiman/.bitnami/stackman/machines/xampp/volumes/root/htdocs/hey/vendor/laravel/framework/src/Illuminate/Database/Connection.php(326): Illuminate\Database\Connection->run('select * from i...', Array, Object(Closure))
#2 /Users/rsulaiman/.bitnami/stackman/machines/xampp/volumes/root/htdocs/hey/vendor/laravel/framework/src/Illuminate/Database/Schema/MySqlBuilder.php(19): Illuminate\Database\Connection->select('select * from i...', Array)
#3 /Users/rsulaiman/.bitnami/stackman/machines/xampp/volumes/root/htdocs/hey/vendor/laravel/framework/src/Illuminate/Database/Migrations/DatabaseMigrationRepository.php(154): Illuminate\Database\Schema\MySqlBuilder->hasTable('migrations')
#4 /Users/rsulaiman/.bitnami/stackman/machines/xampp/volumes/root/htdocs/hey/vendor/laravel/framework/src/Illuminate/Database/Migrations/Migrator.php(544): Illuminate\Database\Migrations\DatabaseMigrationRepository->repositoryExists()
#5 /Users/rsulaiman/.bitnami/stackman/machines/xampp/volumes/root/htdocs/hey/vendor/laravel/framework/src/Illuminate/Database/Console/Migrations/MigrateCommand.php(96): Illuminate\Database\Migrations\Migrator->repositoryExists()
#6 /Users/rsulaiman/.bitnami/stackman/machines/xampp/volumes/root/htdocs/hey/vendor/laravel/framework/src/Illuminate/Database/Console/Migrations/MigrateCommand.php(62): Illuminate\Database\Console\Migrations\MigrateCommand->prepareDatabase()
#7 [internal function]: Illuminate\Database\Console\Migrations\MigrateCommand->fire()
#8 /Users/rsulaiman/.bitnami/stackman/machines/xampp/volumes/root/htdocs/hey/vendor/laravel/framework/src/Illuminate/Container/BoundMethod.php(30): call_user_func_array(Array, Array)
#9 /Users/rsulaiman/.bitnami/stackman/machines/xampp/volumes/root/htdocs/hey/vendor/laravel/framework/src/Illuminate/Container/BoundMethod.php(87): Illuminate\Container\BoundMethod::Illuminate\Container\{closure}()
#10 /Users/rsulaiman/.bitnami/stackman/machines/xampp/volumes/root/htdocs/hey/vendor/laravel/framework/src/Illuminate/Container/BoundMethod.php(31): Illuminate\Container\BoundMethod::callBoundMethod(Object(Illuminate\Foundation\Application), Array, Object(Closure))
#11 /Users/rsulaiman/.bitnami/stackman/machines/xampp/volumes/root/htdocs/hey/vendor/laravel/framework/src/Illuminate/Container/Container.php(539): Illuminate\Container\BoundMethod::call(Object(Illuminate\Foundation\Application), Array, Array, NULL)
#12 /Users/rsulaiman/.bitnami/stackman/machines/xampp/volumes/root/htdocs/hey/vendor/laravel/framework/src/Illuminate/Console/Command.php(182): Illuminate\Container\Container->call(Array)
#13 /Users/rsulaiman/.bitnami/stackman/machines/xampp/volumes/root/htdocs/hey/vendor/symfony/console/Command/Command.php(255): Illuminate\Console\Command->execute(Object(Symfony\Component\Console\Input\ArgvInput), Object(Illuminate\Console\OutputStyle))
#14 /Users/rsulaiman/.bitnami/stackman/machines/xampp/volumes/root/htdocs/hey/vendor/laravel/framework/src/Illuminate/Console/Command.php(168): Symfony\Component\Console\Command\Command->run(Object(Symfony\Component\Console\Input\ArgvInput), Object(Illuminate\Console\OutputStyle))
#15 /Users/rsulaiman/.bitnami/stackman/machines/xampp/volumes/root/htdocs/hey/vendor/symfony/console/Application.php(992): Illuminate\Console\Command->run(Object(Symfony\Component\Console\Input\ArgvInput), Object(Symfony\Component\Console\Output\ConsoleOutput))
#16 /Users/rsulaiman/.bitnami/stackman/machines/xampp/volumes/root/htdocs/hey/vendor/symfony/console/Application.php(255): Symfony\Component\Console\Application->doRunCommand(Object(Illuminate\Database\Console\Migrations\MigrateCommand), Object(Symfony\Component\Console\Input\ArgvInput), Object(Symfony\Component\Console\Output\ConsoleOutput))
#17 /Users/rsulaiman/.bitnami/stackman/machines/xampp/volumes/root/htdocs/hey/vendor/symfony/console/Application.php(148): Symfony\Component\Console\Application->doRun(Object(Symfony\Component\Console\Input\ArgvInput), Object(Symfony\Component\Console\Output\ConsoleOutput))
#18 /Users/rsulaiman/.bitnami/stackman/machines/xampp/volumes/root/htdocs/hey/vendor/laravel/framework/src/Illuminate/Foundation/Console/Kernel.php(122): Symfony\Component\Console\Application->run(Object(Symfony\Component\Console\Input\ArgvInput), Object(Symfony\Component\Console\Output\ConsoleOutput))
#19 /Users/rsulaiman/.bitnami/stackman/machines/xampp/volumes/root/htdocs/hey/artisan(36): Illuminate\Foundation\Console\Kernel->handle(Object(Symfony\Component\Console\Input\ArgvInput), Object(Symfony\Component\Console\Output\ConsoleOutput))
#20 {main}  
[2021-03-20 23:39:08] local.ERROR: exception 'ErrorException' with message 'file_put_contents(): Exclusive locks are not supported for this stream' in /Users/rsulaiman/.bitnami/stackman/machines/xampp/volumes/root/htdocs/hey/vendor/laravel/framework/src/Illuminate/Filesystem/Filesystem.php:122
Stack trace:
#0 [internal function]: Illuminate\Foundation\Bootstrap\HandleExceptions->handleError(2, 'file_put_conten...', '/Users/rsulaima...', 122, Array)
#1 /Users/rsulaiman/.bitnami/stackman/machines/xampp/volumes/root/htdocs/hey/vendor/laravel/framework/src/Illuminate/Filesystem/Filesystem.php(122): file_put_contents('/Users/rsulaima...', 'a:3:{s:6:"_toke...', 2)
#2 /Users/rsulaiman/.bitnami/stackman/machines/xampp/volumes/root/htdocs/hey/vendor/laravel/framework/src/Illuminate/Session/FileSessionHandler.php(83): Illuminate\Filesystem\Filesystem->put('/Users/rsulaima...', 'a:3:{s:6:"_toke...', true)
#3 /Users/rsulaiman/.bitnami/stackman/machines/xampp/volumes/root/htdocs/hey/vendor/laravel/framework/src/Illuminate/Session/Store.php(129): Illuminate\Session\FileSessionHandler->write('aHklTNqwZUV5I1t...', 'a:3:{s:6:"_toke...')
#4 /Users/rsulaiman/.bitnami/stackman/machines/xampp/volumes/root/htdocs/hey/vendor/laravel/framework/src/Illuminate/Session/Middleware/StartSession.php(88): Illuminate\Session\Store->save()
#5 /Users/rsulaiman/.bitnami/stackman/machines/xampp/volumes/root/htdocs/hey/vendor/laravel/framework/src/Illuminate/Foundation/Http/Kernel.php(218): Illuminate\Session\Middleware\StartSession->terminate(Object(Illuminate\Http\Request), Object(Illuminate\Http\Response))
#6 /Users/rsulaiman/.bitnami/stackman/machines/xampp/volumes/root/htdocs/hey/vendor/laravel/framework/src/Illuminate/Foundation/Http/Kernel.php(189): Illuminate\Foundation\Http\Kernel->terminateMiddleware(Object(Illuminate\Http\Request), Object(Illuminate\Http\Response))
#7 /Users/rsulaiman/.bitnami/stackman/machines/xampp/volumes/root/htdocs/hey/public/index.php(58): Illuminate\Foundation\Http\Kernel->terminate(Object(Illuminate\Http\Request), Object(Illuminate\Http\Response))
#8 /Users/rsulaiman/.bitnami/stackman/machines/xampp/volumes/root/htdocs/hey/server.php(21): require_once('/Users/rsulaima...')
#9 {main}  
[2021-03-20 23:39:11] local.ERROR: exception 'ErrorException' with message 'file_put_contents(): Exclusive locks are not supported for this stream' in /Users/rsulaiman/.bitnami/stackman/machines/xampp/volumes/root/htdocs/hey/vendor/laravel/framework/src/Illuminate/Filesystem/Filesystem.php:122
Stack trace:
#0 [internal function]: Illuminate\Foundation\Bootstrap\HandleExceptions->handleError(2, 'file_put_conten...', '/Users/rsulaima...', 122, Array)
#1 /Users/rsulaiman/.bitnami/stackman/machines/xampp/volumes/root/htdocs/hey/vendor/laravel/framework/src/Illuminate/Filesystem/Filesystem.php(122): file_put_contents('/Users/rsulaima...', 'a:3:{s:6:"_toke...', 2)
#2 /Users/rsulaiman/.bitnami/stackman/machines/xampp/volumes/root/htdocs/hey/vendor/laravel/framework/src/Illuminate/Session/FileSessionHandler.php(83): Illuminate\Filesystem\Filesystem->put('/Users/rsulaima...', 'a:3:{s:6:"_toke...', true)
#3 /Users/rsulaiman/.bitnami/stackman/machines/xampp/volumes/root/htdocs/hey/vendor/laravel/framework/src/Illuminate/Session/Store.php(129): Illuminate\Session\FileSessionHandler->write('aHklTNqwZUV5I1t...', 'a:3:{s:6:"_toke...')
#4 /Users/rsulaiman/.bitnami/stackman/machines/xampp/volumes/root/htdocs/hey/vendor/laravel/framework/src/Illuminate/Session/Middleware/StartSession.php(88): Illuminate\Session\Store->save()
#5 /Users/rsulaiman/.bitnami/stackman/machines/xampp/volumes/root/htdocs/hey/vendor/laravel/framework/src/Illuminate/Foundation/Http/Kernel.php(218): Illuminate\Session\Middleware\StartSession->terminate(Object(Illuminate\Http\Request), Object(Illuminate\Http\Response))
#6 /Users/rsulaiman/.bitnami/stackman/machines/xampp/volumes/root/htdocs/hey/vendor/laravel/framework/src/Illuminate/Foundation/Http/Kernel.php(189): Illuminate\Foundation\Http\Kernel->terminateMiddleware(Object(Illuminate\Http\Request), Object(Illuminate\Http\Response))
#7 /Users/rsulaiman/.bitnami/stackman/machines/xampp/volumes/root/htdocs/hey/public/index.php(58): Illuminate\Foundation\Http\Kernel->terminate(Object(Illuminate\Http\Request), Object(Illuminate\Http\Response))
#8 /Users/rsulaiman/.bitnami/stackman/machines/xampp/volumes/root/htdocs/hey/server.php(21): require_once('/Users/rsulaima...')
#9 {main}  
[2021-03-20 23:39:30] local.ERROR: exception 'ErrorException' with message 'file_put_contents(): Exclusive locks are not supported for this stream' in /Users/rsulaiman/.bitnami/stackman/machines/xampp/volumes/root/htdocs/hey/vendor/laravel/framework/src/Illuminate/Filesystem/Filesystem.php:122
Stack trace:
#0 [internal function]: Illuminate\Foundation\Bootstrap\HandleExceptions->handleError(2, 'file_put_conten...', '/Users/rsulaima...', 122, Array)
#1 /Users/rsulaiman/.bitnami/stackman/machines/xampp/volumes/root/htdocs/hey/vendor/laravel/framework/src/Illuminate/Filesystem/Filesystem.php(122): file_put_contents('/Users/rsulaima...', 'a:2:{s:6:"_toke...', 2)
#2 /Users/rsulaiman/.bitnami/stackman/machines/xampp/volumes/root/htdocs/hey/vendor/laravel/framework/src/Illuminate/Session/FileSessionHandler.php(83): Illuminate\Filesystem\Filesystem->put('/Users/rsulaima...', 'a:2:{s:6:"_toke...', true)
#3 /Users/rsulaiman/.bitnami/stackman/machines/xampp/volumes/root/htdocs/hey/vendor/laravel/framework/src/Illuminate/Session/Store.php(129): Illuminate\Session\FileSessionHandler->write('aHklTNqwZUV5I1t...', 'a:2:{s:6:"_toke...')
#4 /Users/rsulaiman/.bitnami/stackman/machines/xampp/volumes/root/htdocs/hey/vendor/laravel/framework/src/Illuminate/Session/Middleware/StartSession.php(88): Illuminate\Session\Store->save()
#5 /Users/rsulaiman/.bitnami/stackman/machines/xampp/volumes/root/htdocs/hey/vendor/laravel/framework/src/Illuminate/Foundation/Http/Kernel.php(218): Illuminate\Session\Middleware\StartSession->terminate(Object(Illuminate\Http\Request), Object(Illuminate\Http\Response))
#6 /Users/rsulaiman/.bitnami/stackman/machines/xampp/volumes/root/htdocs/hey/vendor/laravel/framework/src/Illuminate/Foundation/Http/Kernel.php(189): Illuminate\Foundation\Http\Kernel->terminateMiddleware(Object(Illuminate\Http\Request), Object(Illuminate\Http\Response))
#7 /Users/rsulaiman/.bitnami/stackman/machines/xampp/volumes/root/htdocs/hey/public/index.php(58): Illuminate\Foundation\Http\Kernel->terminate(Object(Illuminate\Http\Request), Object(Illuminate\Http\Response))
#8 /Users/rsulaiman/.bitnami/stackman/machines/xampp/volumes/root/htdocs/hey/server.php(21): require_once('/Users/rsulaima...')
#9 {main}  
[2021-03-20 23:40:10] local.ERROR: exception 'ErrorException' with message 'file_put_contents(): Exclusive locks are not supported for this stream' in /Users/rsulaiman/.bitnami/stackman/machines/xampp/volumes/root/htdocs/hey/vendor/laravel/framework/src/Illuminate/Filesystem/Filesystem.php:122
Stack trace:
#0 [internal function]: Illuminate\Foundation\Bootstrap\HandleExceptions->handleError(2, 'file_put_conten...', '/Users/rsulaima...', 122, Array)
#1 /Users/rsulaiman/.bitnami/stackman/machines/xampp/volumes/root/htdocs/hey/vendor/laravel/framework/src/Illuminate/Filesystem/Filesystem.php(122): file_put_contents('/Users/rsulaima...', 'a:3:{s:6:"_toke...', 2)
#2 /Users/rsulaiman/.bitnami/stackman/machines/xampp/volumes/root/htdocs/hey/vendor/laravel/framework/src/Illuminate/Session/FileSessionHandler.php(83): Illuminate\Filesystem\Filesystem->put('/Users/rsulaima...', 'a:3:{s:6:"_toke...', true)
#3 /Users/rsulaiman/.bitnami/stackman/machines/xampp/volumes/root/htdocs/hey/vendor/laravel/framework/src/Illuminate/Session/Store.php(129): Illuminate\Session\FileSessionHandler->write('aHklTNqwZUV5I1t...', 'a:3:{s:6:"_toke...')
#4 /Users/rsulaiman/.bitnami/stackman/machines/xampp/volumes/root/htdocs/hey/vendor/laravel/framework/src/Illuminate/Session/Middleware/StartSession.php(88): Illuminate\Session\Store->save()
#5 /Users/rsulaiman/.bitnami/stackman/machines/xampp/volumes/root/htdocs/hey/vendor/laravel/framework/src/Illuminate/Foundation/Http/Kernel.php(218): Illuminate\Session\Middleware\StartSession->terminate(Object(Illuminate\Http\Request), Object(Illuminate\Http\Response))
#6 /Users/rsulaiman/.bitnami/stackman/machines/xampp/volumes/root/htdocs/hey/vendor/laravel/framework/src/Illuminate/Foundation/Http/Kernel.php(189): Illuminate\Foundation\Http\Kernel->terminateMiddleware(Object(Illuminate\Http\Request), Object(Illuminate\Http\Response))
#7 /Users/rsulaiman/.bitnami/stackman/machines/xampp/volumes/root/htdocs/hey/public/index.php(58): Illuminate\Foundation\Http\Kernel->terminate(Object(Illuminate\Http\Request), Object(Illuminate\Http\Response))
#8 /Users/rsulaiman/.bitnami/stackman/machines/xampp/volumes/root/htdocs/hey/server.php(21): require_once('/Users/rsulaima...')
#9 {main}  
[2021-03-20 23:57:44] local.ERROR: exception 'ErrorException' with message 'file_put_contents(): Exclusive locks are not supported for this stream' in /Users/rsulaiman/.bitnami/stackman/machines/xampp/volumes/root/htdocs/hey/vendor/laravel/framework/src/Illuminate/Filesystem/Filesystem.php:122
Stack trace:
#0 [internal function]: Illuminate\Foundation\Bootstrap\HandleExceptions->handleError(2, 'file_put_conten...', '/Users/rsulaima...', 122, Array)
#1 /Users/rsulaiman/.bitnami/stackman/machines/xampp/volumes/root/htdocs/hey/vendor/laravel/framework/src/Illuminate/Filesystem/Filesystem.php(122): file_put_contents('/Users/rsulaima...', 'a:3:{s:6:"_toke...', 2)
#2 /Users/rsulaiman/.bitnami/stackman/machines/xampp/volumes/root/htdocs/hey/vendor/laravel/framework/src/Illuminate/Session/FileSessionHandler.php(83): Illuminate\Filesystem\Filesystem->put('/Users/rsulaima...', 'a:3:{s:6:"_toke...', true)
#3 /Users/rsulaiman/.bitnami/stackman/machines/xampp/volumes/root/htdocs/hey/vendor/laravel/framework/src/Illuminate/Session/Store.php(129): Illuminate\Session\FileSessionHandler->write('aHklTNqwZUV5I1t...', 'a:3:{s:6:"_toke...')
#4 /Users/rsulaiman/.bitnami/stackman/machines/xampp/volumes/root/htdocs/hey/vendor/laravel/framework/src/Illuminate/Session/Middleware/StartSession.php(88): Illuminate\Session\Store->save()
#5 /Users/rsulaiman/.bitnami/stackman/machines/xampp/volumes/root/htdocs/hey/vendor/laravel/framework/src/Illuminate/Foundation/Http/Kernel.php(218): Illuminate\Session\Middleware\StartSession->terminate(Object(Illuminate\Http\Request), Object(Illuminate\Http\Response))
#6 /Users/rsulaiman/.bitnami/stackman/machines/xampp/volumes/root/htdocs/hey/vendor/laravel/framework/src/Illuminate/Foundation/Http/Kernel.php(189): Illuminate\Foundation\Http\Kernel->terminateMiddleware(Object(Illuminate\Http\Request), Object(Illuminate\Http\Response))
#7 /Users/rsulaiman/.bitnami/stackman/machines/xampp/volumes/root/htdocs/hey/public/index.php(58): Illuminate\Foundation\Http\Kernel->terminate(Object(Illuminate\Http\Request), Object(Illuminate\Http\Response))
#8 /Users/rsulaiman/.bitnami/stackman/machines/xampp/volumes/root/htdocs/hey/server.php(21): require_once('/Users/rsulaima...')
#9 {main}  
